<?xml version="1.0" encoding="UTF-8"?>
<!-- Generated by org.testng.reporters.JUnitXMLReporter -->
<testsuite hostname="gorozheyev" name="Command line test" tests="32" failures="0" timestamp="25 May 2017 07:08:08 GMT" time="2.633" errors="0">
  <testcase name="@BeforeTest setUp" time="0.0" classname="com.example.tests.TestsForMainPage">
    <failure type="org.openqa.selenium.remote.UnreachableBrowserException" message="Could not start a new session. Possible causes are invalid address of the remote server or browser start-up failure.
Build info: version: &amp;apos;2.53.1&amp;apos;, revision: &amp;apos;a36b8b1cd5757287168e54b817830adce9b0158d&amp;apos;, time: &amp;apos;2016-06-30 19:26:09&amp;apos;
System info: host: &amp;apos;gorozheyev&amp;apos;, ip: &amp;apos;192.168.171.193&amp;apos;, os.name: &amp;apos;Windows 7&amp;apos;, os.arch: &amp;apos;amd64&amp;apos;, os.version: &amp;apos;6.1&amp;apos;, java.version: &amp;apos;1.8.0_77&amp;apos;
Driver info: driver.version: RemoteWebDriver">
      <![CDATA[org.openqa.selenium.remote.UnreachableBrowserException: Could not start a new session. Possible causes are invalid address of the remote server or browser start-up failure.
Build info: version: '2.53.1', revision: 'a36b8b1cd5757287168e54b817830adce9b0158d', time: '2016-06-30 19:26:09'
System info: host: 'gorozheyev', ip: '192.168.171.193', os.name: 'Windows 7', os.arch: 'amd64', os.version: '6.1', java.version: '1.8.0_77'
Driver info: driver.version: RemoteWebDriver
	at org.openqa.selenium.remote.RemoteWebDriver.execute(RemoteWebDriver.java:665)
	at org.openqa.selenium.remote.RemoteWebDriver.startSession(RemoteWebDriver.java:249)
	at org.openqa.selenium.remote.RemoteWebDriver.<init>(RemoteWebDriver.java:131)
	at org.openqa.selenium.remote.RemoteWebDriver.<init>(RemoteWebDriver.java:158)
	at org.openqa.selenium.remote.RemoteWebDriver.<init>(RemoteWebDriver.java:148)
	at com.example.tests.BaseClass.setUp(BaseClass.java:39)
	at org.apache.maven.surefire.testng.TestNGExecutor.run(TestNGExecutor.java:77)
	at org.apache.maven.surefire.testng.TestNGDirectoryTestSuite.execute(TestNGDirectoryTestSuite.java:110)
	at org.apache.maven.surefire.testng.TestNGProvider.invoke(TestNGProvider.java:106)
	at org.apache.maven.surefire.util.ReflectionUtils.invokeMethodWithArray(ReflectionUtils.java:189)
	at org.apache.maven.surefire.booter.ProviderFactory$ProviderProxy.invoke(ProviderFactory.java:165)
	at org.apache.maven.surefire.booter.ProviderFactory.invokeProvider(ProviderFactory.java:85)
	at org.apache.maven.surefire.booter.ForkedBooter.runSuitesInProcess(ForkedBooter.java:115)
	at org.apache.maven.surefire.booter.ForkedBooter.main(ForkedBooter.java:75)
Caused by: org.apache.http.conn.HttpHostConnectException: Connect to localhost:4444 [localhost/127.0.0.1, localhost/0:0:0:0:0:0:0:1] failed: Connection refused: connect
	at org.apache.http.impl.conn.DefaultHttpClientConnectionOperator.connect(DefaultHttpClientConnectionOperator.java:151)
	at org.apache.http.impl.conn.PoolingHttpClientConnectionManager.connect(PoolingHttpClientConnectionManager.java:353)
	at org.apache.http.impl.execchain.MainClientExec.establishRoute(MainClientExec.java:380)
	at org.apache.http.impl.execchain.MainClientExec.execute(MainClientExec.java:236)
	at org.apache.http.impl.execchain.ProtocolExec.execute(ProtocolExec.java:184)
	at org.apache.http.impl.execchain.RetryExec.execute(RetryExec.java:88)
	at org.apache.http.impl.execchain.RedirectExec.execute(RedirectExec.java:110)
	at org.apache.http.impl.client.InternalHttpClient.doExecute(InternalHttpClient.java:184)
	at org.apache.http.impl.client.CloseableHttpClient.execute(CloseableHttpClient.java:71)
	at org.apache.http.impl.client.CloseableHttpClient.execute(CloseableHttpClient.java:55)
	at org.openqa.selenium.remote.internal.ApacheHttpClient.fallBackExecute(ApacheHttpClient.java:144)
	at org.openqa.selenium.remote.internal.ApacheHttpClient.execute(ApacheHttpClient.java:90)
	at org.openqa.selenium.remote.HttpCommandExecutor.execute(HttpCommandExecutor.java:142)
	at org.openqa.selenium.remote.RemoteWebDriver.execute(RemoteWebDriver.java:644)
	... 36 more
Caused by: java.net.ConnectException: Connection refused: connect
	at java.net.DualStackPlainSocketImpl.waitForConnect(Native Method)
	at java.net.DualStackPlainSocketImpl.socketConnect(DualStackPlainSocketImpl.java:85)
	at java.net.AbstractPlainSocketImpl.doConnect(AbstractPlainSocketImpl.java:350)
	at java.net.AbstractPlainSocketImpl.connectToAddress(AbstractPlainSocketImpl.java:206)
	at java.net.AbstractPlainSocketImpl.connect(AbstractPlainSocketImpl.java:188)
	at java.net.PlainSocketImpl.connect(PlainSocketImpl.java:172)
	at java.net.SocksSocketImpl.connect(SocksSocketImpl.java:392)
	at java.net.Socket.connect(Socket.java:589)
	at org.apache.http.conn.socket.PlainConnectionSocketFactory.connectSocket(PlainConnectionSocketFactory.java:74)
	at org.apache.http.impl.conn.DefaultHttpClientConnectionOperator.connect(DefaultHttpClientConnectionOperator.java:134)
	... 49 more
... Removed 23 stack frames]]>
    </failure>
  </testcase> <!-- @BeforeTest setUp -->
  <testcase name="@AfterTest tearDown" time="0.0" classname="com.example.tests.TestsForMainPage">
    <skipped/>
  </testcase> <!-- @AfterTest tearDown -->
  <testcase name="blockPartners" time="0.001" classname="com.example.tests.TestsForMainPage">
    <skipped/>
  </testcase> <!-- blockPartners -->
  <testcase name="checkCkickOnLogo" time="0.0" classname="com.example.tests.TestsForMainPage">
    <skipped/>
  </testcase> <!-- checkCkickOnLogo -->
  <testcase name="checkClickAndTitleOnLastAdverts" time="0.0" classname="com.example.tests.TestsForMainPage">
    <skipped/>
  </testcase> <!-- checkClickAndTitleOnLastAdverts -->
  <testcase name="checkClickAndTitlesInBlockCatalogOnMainPage" time="0.0" classname="com.example.tests.TestsForMainPage">
    <skipped/>
  </testcase> <!-- checkClickAndTitlesInBlockCatalogOnMainPage -->
  <testcase name="checkClickAndTitlesInBlockTestDrivesOnMainPage" time="0.0" classname="com.example.tests.TestsForMainPage">
    <skipped/>
  </testcase> <!-- checkClickAndTitlesInBlockTestDrivesOnMainPage -->
  <testcase name="checkTitleAndCklickOnServices" time="0.0" classname="com.example.tests.TestsForMainPage">
    <skipped/>
  </testcase> <!-- checkTitleAndCklickOnServices -->
  <testcase name="checkTitleAndClickOnArticles" time="0.001" classname="com.example.tests.TestsForMainPage">
    <skipped/>
  </testcase> <!-- checkTitleAndClickOnArticles -->
  <testcase name="checkTitleOnMainPage" time="0.0" classname="com.example.tests.TestsForMainPage">
    <skipped/>
  </testcase> <!-- checkTitleOnMainPage -->
  <testcase name="checkTitlesAndGoToAllCityesPage" time="0.0" classname="com.example.tests.TestsForMainPage">
    <skipped/>
  </testcase> <!-- checkTitlesAndGoToAllCityesPage -->
  <testcase name="checkTitlesTopCategory" time="0.0" classname="com.example.tests.TestsForMainPage">
    <skipped/>
  </testcase> <!-- checkTitlesTopCategory -->
  <testcase name="checkTitlesTopCategoryMoscow" time="0.0" classname="com.example.tests.TestsForMainPage">
    <skipped/>
  </testcase> <!-- checkTitlesTopCategoryMoscow -->
  <testcase name="checkTopCategoryInFooter" time="0.0" classname="com.example.tests.TestsForMainPage">
    <skipped/>
  </testcase> <!-- checkTopCategoryInFooter -->
  <testcase name="checkUpFines" time="0.0" classname="com.example.tests.TestsForMainPage">
    <skipped/>
  </testcase> <!-- checkUpFines -->
  <testcase name="choiceDifferentGrafics" time="0.0" classname="com.example.tests.TestsForMainPage">
    <skipped/>
  </testcase> <!-- choiceDifferentGrafics -->
  <testcase name="chooseLocationInHeder" time="0.0" classname="com.example.tests.TestsForMainPage">
    <skipped/>
  </testcase> <!-- chooseLocationInHeder -->
  <testcase name="ckickOnButtonAddAdvert" time="0.0" classname="com.example.tests.TestsForMainPage">
    <skipped/>
  </testcase> <!-- ckickOnButtonAddAdvert -->
  <testcase name="clickOnTextLogo" time="0.0" classname="com.example.tests.TestsForMainPage">
    <skipped/>
  </testcase> <!-- clickOnTextLogo -->
  <testcase name="goToMarkPageAndToAllBrandsPage" time="0.004" classname="com.example.tests.TestsForMainPage">
    <skipped/>
  </testcase> <!-- goToMarkPageAndToAllBrandsPage -->
  <testcase name="presenceElementsOnMainPage" time="0.0" classname="com.example.tests.TestsForMainPage">
    <skipped/>
  </testcase> <!-- presenceElementsOnMainPage -->
  <testcase name="presenceElementsOnMainPageMoskov" time="0.0" classname="com.example.tests.TestsForMainPage">
    <skipped/>
  </testcase> <!-- presenceElementsOnMainPageMoskov -->
  <testcase name="presenceIconsOfSocialNetworks" time="0.0" classname="com.example.tests.TestsForMainPage">
    <skipped/>
  </testcase> <!-- presenceIconsOfSocialNetworks -->
  <testcase name="presenceSeoTextInFooter" time="0.0" classname="com.example.tests.TestsForMainPage">
    <skipped/>
  </testcase> <!-- presenceSeoTextInFooter -->
  <testcase name="searchFieldWithPressedTabsCatalog" time="0.0" classname="com.example.tests.TestsForMainPage">
    <skipped/>
  </testcase> <!-- searchFieldWithPressedTabsCatalog -->
  <testcase name="testSearchFieldWithPressedTabs" time="0.0" classname="com.example.tests.TestsForMainPage">
    <skipped/>
  </testcase> <!-- testSearchFieldWithPressedTabs -->
  <testcase name="testSearchFilterWithWalue" time="0.0" classname="com.example.tests.TestsForMainPage">
    <skipped/>
  </testcase> <!-- testSearchFilterWithWalue -->
  <testcase name="testWithEmptySearchFilter" time="0.0" classname="com.example.tests.TestsForMainPage">
    <skipped/>
  </testcase> <!-- testWithEmptySearchFilter -->
  <testcase name="dropDownMenuHeaderFifthdPart" time="0.0" classname="com.example.tests.TestsForMainPage">
    <skipped/>
  </testcase> <!-- dropDownMenuHeaderFifthdPart -->
  <testcase name="dropDownMenuHeaderFirstPart" time="0.0" classname="com.example.tests.TestsForMainPage">
    <skipped/>
  </testcase> <!-- dropDownMenuHeaderFirstPart -->
  <testcase name="dropDownMenuHeaderForthdPart" time="0.0" classname="com.example.tests.TestsForMainPage">
    <skipped/>
  </testcase> <!-- dropDownMenuHeaderForthdPart -->
  <testcase name="dropDownMenuHeaderSecondPart" time="0.0" classname="com.example.tests.TestsForMainPage">
    <skipped/>
  </testcase> <!-- dropDownMenuHeaderSecondPart -->
  <testcase name="dropDownMenuHeaderSixdPart" time="0.0" classname="com.example.tests.TestsForMainPage">
    <skipped/>
  </testcase> <!-- dropDownMenuHeaderSixdPart -->
  <testcase name="dropDownMenuHeaderThirdPart" time="0.0" classname="com.example.tests.TestsForMainPage">
    <skipped/>
  </testcase> <!-- dropDownMenuHeaderThirdPart -->
</testsuite> <!-- Command line test -->
