<?xml version="1.0" encoding="UTF-8"?>
<testng-results skipped="32" failed="0" total="32" passed="0">
  <reporter-output>
  </reporter-output>
  <suite name="com.example.tests.TestsForMainPage" duration-ms="2633" started-at="2017-05-25T07:08:05Z" finished-at="2017-05-25T07:08:08Z">
    <groups>
    </groups>
    <test name="Command line test" duration-ms="2633" started-at="2017-05-25T07:08:05Z" finished-at="2017-05-25T07:08:08Z">
      <class name="com.example.tests.TestsForMainPage">
        <test-method status="FAIL" signature="setUp()[pri:0, instance:com.example.tests.TestsForMainPage@366e2eef]" name="setUp" is-config="true" duration-ms="0" started-at="2017-05-25T10:08:05Z" finished-at="2017-05-25T10:08:05Z">
          <exception class="org.openqa.selenium.remote.UnreachableBrowserException">
            <message>
              <![CDATA[Could not start a new session. Possible causes are invalid address of the remote server or browser start-up failure.
Build info: version: '2.53.1', revision: 'a36b8b1cd5757287168e54b817830adce9b0158d', time: '2016-06-30 19:26:09'
System info: host: 'gorozheyev', ip: '192.168.171.193', os.name: 'Windows 7', os.arch: 'amd64', os.version: '6.1', java.version: '1.8.0_77'
Driver info: driver.version: RemoteWebDriver]]>
            </message>
            <full-stacktrace>
              <![CDATA[org.openqa.selenium.remote.UnreachableBrowserException: Could not start a new session. Possible causes are invalid address of the remote server or browser start-up failure.
Build info: version: '2.53.1', revision: 'a36b8b1cd5757287168e54b817830adce9b0158d', time: '2016-06-30 19:26:09'
System info: host: 'gorozheyev', ip: '192.168.171.193', os.name: 'Windows 7', os.arch: 'amd64', os.version: '6.1', java.version: '1.8.0_77'
Driver info: driver.version: RemoteWebDriver
	at org.openqa.selenium.remote.RemoteWebDriver.execute(RemoteWebDriver.java:665)
	at org.openqa.selenium.remote.RemoteWebDriver.startSession(RemoteWebDriver.java:249)
	at org.openqa.selenium.remote.RemoteWebDriver.<init>(RemoteWebDriver.java:131)
	at org.openqa.selenium.remote.RemoteWebDriver.<init>(RemoteWebDriver.java:158)
	at org.openqa.selenium.remote.RemoteWebDriver.<init>(RemoteWebDriver.java:148)
	at com.example.tests.BaseClass.setUp(BaseClass.java:39)
	at sun.reflect.NativeMethodAccessorImpl.invoke0(Native Method)
	at sun.reflect.NativeMethodAccessorImpl.invoke(NativeMethodAccessorImpl.java:62)
	at sun.reflect.DelegatingMethodAccessorImpl.invoke(DelegatingMethodAccessorImpl.java:43)
	at java.lang.reflect.Method.invoke(Method.java:498)
	at org.testng.internal.MethodInvocationHelper.invokeMethod(MethodInvocationHelper.java:80)
	at org.testng.internal.Invoker.invokeConfigurationMethod(Invoker.java:564)
	at org.testng.internal.Invoker.invokeConfigurations(Invoker.java:213)
	at org.testng.internal.Invoker.invokeConfigurations(Invoker.java:138)
	at org.testng.TestRunner.beforeRun(TestRunner.java:641)
	at org.testng.TestRunner.run(TestRunner.java:609)
	at org.testng.SuiteRunner.runTest(SuiteRunner.java:334)
	at org.testng.SuiteRunner.runSequentially(SuiteRunner.java:329)
	at org.testng.SuiteRunner.privateRun(SuiteRunner.java:291)
	at org.testng.SuiteRunner.run(SuiteRunner.java:240)
	at org.testng.SuiteRunnerWorker.runSuite(SuiteRunnerWorker.java:52)
	at org.testng.SuiteRunnerWorker.run(SuiteRunnerWorker.java:86)
	at org.testng.TestNG.runSuitesSequentially(TestNG.java:1198)
	at org.testng.TestNG.runSuitesLocally(TestNG.java:1123)
	at org.testng.TestNG.run(TestNG.java:1031)
	at org.apache.maven.surefire.testng.TestNGExecutor.run(TestNGExecutor.java:77)
	at org.apache.maven.surefire.testng.TestNGDirectoryTestSuite.execute(TestNGDirectoryTestSuite.java:110)
	at org.apache.maven.surefire.testng.TestNGProvider.invoke(TestNGProvider.java:106)
	at sun.reflect.NativeMethodAccessorImpl.invoke0(Native Method)
	at sun.reflect.NativeMethodAccessorImpl.invoke(NativeMethodAccessorImpl.java:62)
	at sun.reflect.DelegatingMethodAccessorImpl.invoke(DelegatingMethodAccessorImpl.java:43)
	at java.lang.reflect.Method.invoke(Method.java:498)
	at org.apache.maven.surefire.util.ReflectionUtils.invokeMethodWithArray(ReflectionUtils.java:189)
	at org.apache.maven.surefire.booter.ProviderFactory$ProviderProxy.invoke(ProviderFactory.java:165)
	at org.apache.maven.surefire.booter.ProviderFactory.invokeProvider(ProviderFactory.java:85)
	at org.apache.maven.surefire.booter.ForkedBooter.runSuitesInProcess(ForkedBooter.java:115)
	at org.apache.maven.surefire.booter.ForkedBooter.main(ForkedBooter.java:75)
Caused by: org.apache.http.conn.HttpHostConnectException: Connect to localhost:4444 [localhost/127.0.0.1, localhost/0:0:0:0:0:0:0:1] failed: Connection refused: connect
	at org.apache.http.impl.conn.DefaultHttpClientConnectionOperator.connect(DefaultHttpClientConnectionOperator.java:151)
	at org.apache.http.impl.conn.PoolingHttpClientConnectionManager.connect(PoolingHttpClientConnectionManager.java:353)
	at org.apache.http.impl.execchain.MainClientExec.establishRoute(MainClientExec.java:380)
	at org.apache.http.impl.execchain.MainClientExec.execute(MainClientExec.java:236)
	at org.apache.http.impl.execchain.ProtocolExec.execute(ProtocolExec.java:184)
	at org.apache.http.impl.execchain.RetryExec.execute(RetryExec.java:88)
	at org.apache.http.impl.execchain.RedirectExec.execute(RedirectExec.java:110)
	at org.apache.http.impl.client.InternalHttpClient.doExecute(InternalHttpClient.java:184)
	at org.apache.http.impl.client.CloseableHttpClient.execute(CloseableHttpClient.java:71)
	at org.apache.http.impl.client.CloseableHttpClient.execute(CloseableHttpClient.java:55)
	at org.openqa.selenium.remote.internal.ApacheHttpClient.fallBackExecute(ApacheHttpClient.java:144)
	at org.openqa.selenium.remote.internal.ApacheHttpClient.execute(ApacheHttpClient.java:90)
	at org.openqa.selenium.remote.HttpCommandExecutor.execute(HttpCommandExecutor.java:142)
	at org.openqa.selenium.remote.RemoteWebDriver.execute(RemoteWebDriver.java:644)
	... 36 more
Caused by: java.net.ConnectException: Connection refused: connect
	at java.net.DualStackPlainSocketImpl.waitForConnect(Native Method)
	at java.net.DualStackPlainSocketImpl.socketConnect(DualStackPlainSocketImpl.java:85)
	at java.net.AbstractPlainSocketImpl.doConnect(AbstractPlainSocketImpl.java:350)
	at java.net.AbstractPlainSocketImpl.connectToAddress(AbstractPlainSocketImpl.java:206)
	at java.net.AbstractPlainSocketImpl.connect(AbstractPlainSocketImpl.java:188)
	at java.net.PlainSocketImpl.connect(PlainSocketImpl.java:172)
	at java.net.SocksSocketImpl.connect(SocksSocketImpl.java:392)
	at java.net.Socket.connect(Socket.java:589)
	at org.apache.http.conn.socket.PlainConnectionSocketFactory.connectSocket(PlainConnectionSocketFactory.java:74)
	at org.apache.http.impl.conn.DefaultHttpClientConnectionOperator.connect(DefaultHttpClientConnectionOperator.java:134)
	... 49 more
]]>
            </full-stacktrace>
          </exception> <!-- org.openqa.selenium.remote.UnreachableBrowserException -->
          <reporter-output>
          </reporter-output>
        </test-method> <!-- setUp -->
        <test-method status="SKIP" signature="blockPartners()[pri:0, instance:com.example.tests.TestsForMainPage@366e2eef]" name="blockPartners" duration-ms="1" started-at="2017-05-25T10:08:08Z" finished-at="2017-05-25T10:08:08Z">
          <reporter-output>
          </reporter-output>
        </test-method> <!-- blockPartners -->
        <test-method status="SKIP" signature="checkCkickOnLogo()[pri:0, instance:com.example.tests.TestsForMainPage@366e2eef]" name="checkCkickOnLogo" duration-ms="0" started-at="2017-05-25T10:08:08Z" finished-at="2017-05-25T10:08:08Z">
          <reporter-output>
          </reporter-output>
        </test-method> <!-- checkCkickOnLogo -->
        <test-method status="SKIP" signature="checkClickAndTitlesInBlockCatalogOnMainPage()[pri:0, instance:com.example.tests.TestsForMainPage@366e2eef]" name="checkClickAndTitlesInBlockCatalogOnMainPage" duration-ms="0" started-at="2017-05-25T10:08:08Z" finished-at="2017-05-25T10:08:08Z">
          <reporter-output>
          </reporter-output>
        </test-method> <!-- checkClickAndTitlesInBlockCatalogOnMainPage -->
        <test-method status="SKIP" signature="checkClickAndTitleOnLastAdverts()[pri:0, instance:com.example.tests.TestsForMainPage@366e2eef]" name="checkClickAndTitleOnLastAdverts" duration-ms="0" started-at="2017-05-25T10:08:08Z" finished-at="2017-05-25T10:08:08Z">
          <reporter-output>
          </reporter-output>
        </test-method> <!-- checkClickAndTitleOnLastAdverts -->
        <test-method status="SKIP" signature="checkTitleAndCklickOnServices()[pri:0, instance:com.example.tests.TestsForMainPage@366e2eef]" name="checkTitleAndCklickOnServices" duration-ms="0" started-at="2017-05-25T10:08:08Z" finished-at="2017-05-25T10:08:08Z">
          <reporter-output>
          </reporter-output>
        </test-method> <!-- checkTitleAndCklickOnServices -->
        <test-method status="SKIP" signature="checkTitleAndClickOnArticles()[pri:0, instance:com.example.tests.TestsForMainPage@366e2eef]" name="checkTitleAndClickOnArticles" duration-ms="1" started-at="2017-05-25T10:08:08Z" finished-at="2017-05-25T10:08:08Z">
          <reporter-output>
          </reporter-output>
        </test-method> <!-- checkTitleAndClickOnArticles -->
        <test-method status="SKIP" signature="checkClickAndTitlesInBlockTestDrivesOnMainPage()[pri:0, instance:com.example.tests.TestsForMainPage@366e2eef]" name="checkClickAndTitlesInBlockTestDrivesOnMainPage" duration-ms="0" started-at="2017-05-25T10:08:08Z" finished-at="2017-05-25T10:08:08Z">
          <reporter-output>
          </reporter-output>
        </test-method> <!-- checkClickAndTitlesInBlockTestDrivesOnMainPage -->
        <test-method status="SKIP" signature="checkTitlesAndGoToAllCityesPage()[pri:0, instance:com.example.tests.TestsForMainPage@366e2eef]" name="checkTitlesAndGoToAllCityesPage" duration-ms="0" started-at="2017-05-25T10:08:08Z" finished-at="2017-05-25T10:08:08Z">
          <reporter-output>
          </reporter-output>
        </test-method> <!-- checkTitlesAndGoToAllCityesPage -->
        <test-method status="SKIP" signature="checkTitlesTopCategory()[pri:0, instance:com.example.tests.TestsForMainPage@366e2eef]" name="checkTitlesTopCategory" duration-ms="0" started-at="2017-05-25T10:08:08Z" finished-at="2017-05-25T10:08:08Z">
          <reporter-output>
          </reporter-output>
        </test-method> <!-- checkTitlesTopCategory -->
        <test-method status="SKIP" signature="checkTitleOnMainPage()[pri:0, instance:com.example.tests.TestsForMainPage@366e2eef]" name="checkTitleOnMainPage" duration-ms="0" started-at="2017-05-25T10:08:08Z" finished-at="2017-05-25T10:08:08Z">
          <reporter-output>
          </reporter-output>
        </test-method> <!-- checkTitleOnMainPage -->
        <test-method status="SKIP" signature="checkTitlesTopCategoryMoscow()[pri:0, instance:com.example.tests.TestsForMainPage@366e2eef]" name="checkTitlesTopCategoryMoscow" duration-ms="0" started-at="2017-05-25T10:08:08Z" finished-at="2017-05-25T10:08:08Z">
          <reporter-output>
          </reporter-output>
        </test-method> <!-- checkTitlesTopCategoryMoscow -->
        <test-method status="SKIP" signature="chooseLocationInHeder()[pri:0, instance:com.example.tests.TestsForMainPage@366e2eef]" name="chooseLocationInHeder" duration-ms="0" started-at="2017-05-25T10:08:08Z" finished-at="2017-05-25T10:08:08Z">
          <reporter-output>
          </reporter-output>
        </test-method> <!-- chooseLocationInHeder -->
        <test-method status="SKIP" signature="checkTopCategoryInFooter()[pri:0, instance:com.example.tests.TestsForMainPage@366e2eef]" name="checkTopCategoryInFooter" duration-ms="0" started-at="2017-05-25T10:08:08Z" finished-at="2017-05-25T10:08:08Z">
          <reporter-output>
          </reporter-output>
        </test-method> <!-- checkTopCategoryInFooter -->
        <test-method status="SKIP" signature="checkUpFines()[pri:0, instance:com.example.tests.TestsForMainPage@366e2eef]" name="checkUpFines" duration-ms="0" started-at="2017-05-25T10:08:08Z" finished-at="2017-05-25T10:08:08Z">
          <reporter-output>
          </reporter-output>
        </test-method> <!-- checkUpFines -->
        <test-method status="SKIP" signature="choiceDifferentGrafics()[pri:0, instance:com.example.tests.TestsForMainPage@366e2eef]" name="choiceDifferentGrafics" duration-ms="0" started-at="2017-05-25T10:08:08Z" finished-at="2017-05-25T10:08:08Z">
          <reporter-output>
          </reporter-output>
        </test-method> <!-- choiceDifferentGrafics -->
        <test-method status="SKIP" signature="goToMarkPageAndToAllBrandsPage()[pri:0, instance:com.example.tests.TestsForMainPage@366e2eef]" name="goToMarkPageAndToAllBrandsPage" duration-ms="4" started-at="2017-05-25T10:08:08Z" finished-at="2017-05-25T10:08:08Z">
          <reporter-output>
          </reporter-output>
        </test-method> <!-- goToMarkPageAndToAllBrandsPage -->
        <test-method status="SKIP" signature="ckickOnButtonAddAdvert()[pri:0, instance:com.example.tests.TestsForMainPage@366e2eef]" name="ckickOnButtonAddAdvert" duration-ms="0" started-at="2017-05-25T10:08:08Z" finished-at="2017-05-25T10:08:08Z">
          <reporter-output>
          </reporter-output>
        </test-method> <!-- ckickOnButtonAddAdvert -->
        <test-method status="SKIP" signature="clickOnTextLogo()[pri:0, instance:com.example.tests.TestsForMainPage@366e2eef]" name="clickOnTextLogo" duration-ms="0" started-at="2017-05-25T10:08:08Z" finished-at="2017-05-25T10:08:08Z">
          <reporter-output>
          </reporter-output>
        </test-method> <!-- clickOnTextLogo -->
        <test-method status="SKIP" signature="presenceElementsOnMainPage()[pri:0, instance:com.example.tests.TestsForMainPage@366e2eef]" name="presenceElementsOnMainPage" duration-ms="0" started-at="2017-05-25T10:08:08Z" finished-at="2017-05-25T10:08:08Z">
          <reporter-output>
          </reporter-output>
        </test-method> <!-- presenceElementsOnMainPage -->
        <test-method status="SKIP" signature="presenceElementsOnMainPageMoskov()[pri:0, instance:com.example.tests.TestsForMainPage@366e2eef]" name="presenceElementsOnMainPageMoskov" duration-ms="0" started-at="2017-05-25T10:08:08Z" finished-at="2017-05-25T10:08:08Z">
          <reporter-output>
          </reporter-output>
        </test-method> <!-- presenceElementsOnMainPageMoskov -->
        <test-method status="SKIP" signature="testSearchFieldWithPressedTabs()[pri:0, instance:com.example.tests.TestsForMainPage@366e2eef]" name="testSearchFieldWithPressedTabs" duration-ms="0" started-at="2017-05-25T10:08:08Z" finished-at="2017-05-25T10:08:08Z">
          <reporter-output>
          </reporter-output>
        </test-method> <!-- testSearchFieldWithPressedTabs -->
        <test-method status="SKIP" signature="searchFieldWithPressedTabsCatalog()[pri:0, instance:com.example.tests.TestsForMainPage@366e2eef]" name="searchFieldWithPressedTabsCatalog" duration-ms="0" started-at="2017-05-25T10:08:08Z" finished-at="2017-05-25T10:08:08Z">
          <reporter-output>
          </reporter-output>
        </test-method> <!-- searchFieldWithPressedTabsCatalog -->
        <test-method status="SKIP" signature="presenceSeoTextInFooter()[pri:0, instance:com.example.tests.TestsForMainPage@366e2eef]" name="presenceSeoTextInFooter" duration-ms="0" started-at="2017-05-25T10:08:08Z" finished-at="2017-05-25T10:08:08Z">
          <reporter-output>
          </reporter-output>
        </test-method> <!-- presenceSeoTextInFooter -->
        <test-method status="SKIP" signature="presenceIconsOfSocialNetworks()[pri:0, instance:com.example.tests.TestsForMainPage@366e2eef]" name="presenceIconsOfSocialNetworks" duration-ms="0" started-at="2017-05-25T10:08:08Z" finished-at="2017-05-25T10:08:08Z">
          <reporter-output>
          </reporter-output>
        </test-method> <!-- presenceIconsOfSocialNetworks -->
        <test-method status="SKIP" signature="testSearchFilterWithWalue()[pri:0, instance:com.example.tests.TestsForMainPage@366e2eef]" name="testSearchFilterWithWalue" duration-ms="0" started-at="2017-05-25T10:08:08Z" finished-at="2017-05-25T10:08:08Z">
          <reporter-output>
          </reporter-output>
        </test-method> <!-- testSearchFilterWithWalue -->
        <test-method status="SKIP" signature="dropDownMenuHeaderFifthdPart()[pri:0, instance:com.example.tests.TestsForMainPage@366e2eef]" name="dropDownMenuHeaderFifthdPart" duration-ms="0" started-at="2017-05-25T10:08:08Z" finished-at="2017-05-25T10:08:08Z">
          <reporter-output>
          </reporter-output>
        </test-method> <!-- dropDownMenuHeaderFifthdPart -->
        <test-method status="SKIP" signature="testWithEmptySearchFilter()[pri:0, instance:com.example.tests.TestsForMainPage@366e2eef]" name="testWithEmptySearchFilter" duration-ms="0" started-at="2017-05-25T10:08:08Z" finished-at="2017-05-25T10:08:08Z">
          <reporter-output>
          </reporter-output>
        </test-method> <!-- testWithEmptySearchFilter -->
        <test-method status="SKIP" signature="dropDownMenuHeaderFirstPart()[pri:0, instance:com.example.tests.TestsForMainPage@366e2eef]" name="dropDownMenuHeaderFirstPart" duration-ms="0" started-at="2017-05-25T10:08:08Z" finished-at="2017-05-25T10:08:08Z">
          <reporter-output>
          </reporter-output>
        </test-method> <!-- dropDownMenuHeaderFirstPart -->
        <test-method status="SKIP" signature="dropDownMenuHeaderForthdPart()[pri:0, instance:com.example.tests.TestsForMainPage@366e2eef]" name="dropDownMenuHeaderForthdPart" duration-ms="0" started-at="2017-05-25T10:08:08Z" finished-at="2017-05-25T10:08:08Z">
          <reporter-output>
          </reporter-output>
        </test-method> <!-- dropDownMenuHeaderForthdPart -->
        <test-method status="SKIP" signature="dropDownMenuHeaderThirdPart()[pri:0, instance:com.example.tests.TestsForMainPage@366e2eef]" name="dropDownMenuHeaderThirdPart" duration-ms="0" started-at="2017-05-25T10:08:08Z" finished-at="2017-05-25T10:08:08Z">
          <reporter-output>
          </reporter-output>
        </test-method> <!-- dropDownMenuHeaderThirdPart -->
        <test-method status="SKIP" signature="dropDownMenuHeaderSecondPart()[pri:0, instance:com.example.tests.TestsForMainPage@366e2eef]" name="dropDownMenuHeaderSecondPart" duration-ms="0" started-at="2017-05-25T10:08:08Z" finished-at="2017-05-25T10:08:08Z">
          <reporter-output>
          </reporter-output>
        </test-method> <!-- dropDownMenuHeaderSecondPart -->
        <test-method status="SKIP" signature="dropDownMenuHeaderSixdPart()[pri:0, instance:com.example.tests.TestsForMainPage@366e2eef]" name="dropDownMenuHeaderSixdPart" duration-ms="0" started-at="2017-05-25T10:08:08Z" finished-at="2017-05-25T10:08:08Z">
          <reporter-output>
          </reporter-output>
        </test-method> <!-- dropDownMenuHeaderSixdPart -->
        <test-method status="SKIP" signature="tearDown()[pri:0, instance:com.example.tests.TestsForMainPage@366e2eef]" name="tearDown" is-config="true" duration-ms="0" started-at="2017-05-25T10:08:08Z" finished-at="2017-05-25T10:08:08Z">
          <reporter-output>
          </reporter-output>
        </test-method> <!-- tearDown -->
      </class> <!-- com.example.tests.TestsForMainPage -->
    </test> <!-- Command line test -->
  </suite> <!-- com.example.tests.TestsForMainPage -->
</testng-results>
