<?xml version="1.0" encoding="UTF-8" ?>
<testsuite tests="34" failures="1" name="com.example.tests.TestsForMainPage" time="2.957" errors="0" skipped="33">
  <properties>
[...]
</properties>
  <testcase classname="com.example.tests.TestsForMainPage" name="setUp" time="2.946">
    <failure message="Could not start a new session. Possible causes are invalid address of the remote server or browser start-up failure.
Build info: version: &apos;2.53.1&apos;, revision: &apos;a36b8b1cd5757287168e54b817830adce9b0158d&apos;, time: &apos;2016-06-30 19:26:09&apos;
System info: host: &apos;gorozheyev&apos;, ip: &apos;192.168.171.193&apos;, os.name: &apos;Windows 7&apos;, os.arch: &apos;amd64&apos;, os.version: &apos;6.1&apos;, java.version: &apos;1.8.0_77&apos;
Driver info: driver.version: RemoteWebDriver" type="org.openqa.selenium.remote.UnreachableBrowserException">org.openqa.selenium.remote.UnreachableBrowserException: Could not start a new session. Possible causes are invalid address of the remote server or browser start-up failure.
Build info: version: &apos;2.53.1&apos;, revision: &apos;a36b8b1cd5757287168e54b817830adce9b0158d&apos;, time: &apos;2016-06-30 19:26:09&apos;
System info: host: &apos;gorozheyev&apos;, ip: &apos;192.168.171.193&apos;, os.name: &apos;Windows 7&apos;, os.arch: &apos;amd64&apos;, os.version: &apos;6.1&apos;, java.version: &apos;1.8.0_77&apos;
Driver info: driver.version: RemoteWebDriver
	at org.openqa.selenium.remote.RemoteWebDriver.execute(RemoteWebDriver.java:665)
	at org.openqa.selenium.remote.RemoteWebDriver.startSession(RemoteWebDriver.java:249)
	at org.openqa.selenium.remote.RemoteWebDriver.&lt;init&gt;(RemoteWebDriver.java:131)
	at org.openqa.selenium.remote.RemoteWebDriver.&lt;init&gt;(RemoteWebDriver.java:158)
	at org.openqa.selenium.remote.RemoteWebDriver.&lt;init&gt;(RemoteWebDriver.java:148)
	at com.example.tests.BaseClass.setUp(BaseClass.java:39)
	at sun.reflect.NativeMethodAccessorImpl.invoke0(Native Method)
	at sun.reflect.NativeMethodAccessorImpl.invoke(NativeMethodAccessorImpl.java:62)
	at sun.reflect.DelegatingMethodAccessorImpl.invoke(DelegatingMethodAccessorImpl.java:43)
	at java.lang.reflect.Method.invoke(Method.java:498)
	at org.testng.internal.MethodInvocationHelper.invokeMethod(MethodInvocationHelper.java:80)
	at org.testng.internal.Invoker.invokeConfigurationMethod(Invoker.java:564)
	at org.testng.internal.Invoker.invokeConfigurations(Invoker.java:213)
	at org.testng.internal.Invoker.invokeConfigurations(Invoker.java:138)
	at org.testng.TestRunner.beforeRun(TestRunner.java:641)
	at org.testng.TestRunner.run(TestRunner.java:609)
	at org.testng.SuiteRunner.runTest(SuiteRunner.java:334)
	at org.testng.SuiteRunner.runSequentially(SuiteRunner.java:329)
	at org.testng.SuiteRunner.privateRun(SuiteRunner.java:291)
	at org.testng.SuiteRunner.run(SuiteRunner.java:240)
	at org.testng.SuiteRunnerWorker.runSuite(SuiteRunnerWorker.java:52)
	at org.testng.SuiteRunnerWorker.run(SuiteRunnerWorker.java:86)
	at org.testng.TestNG.runSuitesSequentially(TestNG.java:1198)
	at org.testng.TestNG.runSuitesLocally(TestNG.java:1123)
	at org.testng.TestNG.run(TestNG.java:1031)
	at org.apache.maven.surefire.testng.TestNGExecutor.run(TestNGExecutor.java:77)
	at org.apache.maven.surefire.testng.TestNGDirectoryTestSuite.execute(TestNGDirectoryTestSuite.java:110)
	at org.apache.maven.surefire.testng.TestNGProvider.invoke(TestNGProvider.java:106)
	at sun.reflect.NativeMethodAccessorImpl.invoke0(Native Method)
	at sun.reflect.NativeMethodAccessorImpl.invoke(NativeMethodAccessorImpl.java:62)
	at sun.reflect.DelegatingMethodAccessorImpl.invoke(DelegatingMethodAccessorImpl.java:43)
	at java.lang.reflect.Method.invoke(Method.java:498)
	at org.apache.maven.surefire.util.ReflectionUtils.invokeMethodWithArray(ReflectionUtils.java:189)
	at org.apache.maven.surefire.booter.ProviderFactory$ProviderProxy.invoke(ProviderFactory.java:165)
	at org.apache.maven.surefire.booter.ProviderFactory.invokeProvider(ProviderFactory.java:85)
	at org.apache.maven.surefire.booter.ForkedBooter.runSuitesInProcess(ForkedBooter.java:115)
	at org.apache.maven.surefire.booter.ForkedBooter.main(ForkedBooter.java:75)
Caused by: org.apache.http.conn.HttpHostConnectException: Connect to localhost:4444 [localhost/127.0.0.1, localhost/0:0:0:0:0:0:0:1] failed: Connection refused: connect
	at org.apache.http.impl.conn.DefaultHttpClientConnectionOperator.connect(DefaultHttpClientConnectionOperator.java:151)
	at org.apache.http.impl.conn.PoolingHttpClientConnectionManager.connect(PoolingHttpClientConnectionManager.java:353)
	at org.apache.http.impl.execchain.MainClientExec.establishRoute(MainClientExec.java:380)
	at org.apache.http.impl.execchain.MainClientExec.execute(MainClientExec.java:236)
	at org.apache.http.impl.execchain.ProtocolExec.execute(ProtocolExec.java:184)
	at org.apache.http.impl.execchain.RetryExec.execute(RetryExec.java:88)
	at org.apache.http.impl.execchain.RedirectExec.execute(RedirectExec.java:110)
	at org.apache.http.impl.client.InternalHttpClient.doExecute(InternalHttpClient.java:184)
	at org.apache.http.impl.client.CloseableHttpClient.execute(CloseableHttpClient.java:71)
	at org.apache.http.impl.client.CloseableHttpClient.execute(CloseableHttpClient.java:55)
	at org.openqa.selenium.remote.internal.ApacheHttpClient.fallBackExecute(ApacheHttpClient.java:144)
	at org.openqa.selenium.remote.internal.ApacheHttpClient.execute(ApacheHttpClient.java:90)
	at org.openqa.selenium.remote.HttpCommandExecutor.execute(HttpCommandExecutor.java:142)
	at org.openqa.selenium.remote.RemoteWebDriver.execute(RemoteWebDriver.java:644)
	... 36 more
Caused by: java.net.ConnectException: Connection refused: connect
	at java.net.DualStackPlainSocketImpl.waitForConnect(Native Method)
	at java.net.DualStackPlainSocketImpl.socketConnect(DualStackPlainSocketImpl.java:85)
	at java.net.AbstractPlainSocketImpl.doConnect(AbstractPlainSocketImpl.java:350)
	at java.net.AbstractPlainSocketImpl.connectToAddress(AbstractPlainSocketImpl.java:206)
	at java.net.AbstractPlainSocketImpl.connect(AbstractPlainSocketImpl.java:188)
	at java.net.PlainSocketImpl.connect(PlainSocketImpl.java:172)
	at java.net.SocksSocketImpl.connect(SocksSocketImpl.java:392)
	at java.net.Socket.connect(Socket.java:589)
	at org.apache.http.conn.socket.PlainConnectionSocketFactory.connectSocket(PlainConnectionSocketFactory.java:74)
	at org.apache.http.impl.conn.DefaultHttpClientConnectionOperator.connect(DefaultHttpClientConnectionOperator.java:134)
	... 49 more
Caused by: org.apache.http.conn.HttpHostConnectException: Connect to localhost:4444 [localhost/127.0.0.1, localhost/0:0:0:0:0:0:0:1] failed: Connection refused: connect
	at org.apache.http.impl.conn.DefaultHttpClientConnectionOperator.connect(DefaultHttpClientConnectionOperator.java:151)
	at org.apache.http.impl.conn.PoolingHttpClientConnectionManager.connect(PoolingHttpClientConnectionManager.java:353)
	at org.apache.http.impl.execchain.MainClientExec.establishRoute(MainClientExec.java:380)
	at org.apache.http.impl.execchain.MainClientExec.execute(MainClientExec.java:236)
	at org.apache.http.impl.execchain.ProtocolExec.execute(ProtocolExec.java:184)
	at org.apache.http.impl.execchain.RetryExec.execute(RetryExec.java:88)
	at org.apache.http.impl.execchain.RedirectExec.execute(RedirectExec.java:110)
	at org.apache.http.impl.client.InternalHttpClient.doExecute(InternalHttpClient.java:184)
	at org.apache.http.impl.client.CloseableHttpClient.execute(CloseableHttpClient.java:71)
	at org.apache.http.impl.client.CloseableHttpClient.execute(CloseableHttpClient.java:55)
	at org.openqa.selenium.remote.internal.ApacheHttpClient.fallBackExecute(ApacheHttpClient.java:144)
	at org.openqa.selenium.remote.internal.ApacheHttpClient.execute(ApacheHttpClient.java:90)
	at org.openqa.selenium.remote.HttpCommandExecutor.execute(HttpCommandExecutor.java:142)
	at org.openqa.selenium.remote.RemoteWebDriver.execute(RemoteWebDriver.java:644)
	... 36 more
Caused by: java.net.ConnectException: Connection refused: connect
	at java.net.DualStackPlainSocketImpl.waitForConnect(Native Method)
	at java.net.DualStackPlainSocketImpl.socketConnect(DualStackPlainSocketImpl.java:85)
	at java.net.AbstractPlainSocketImpl.doConnect(AbstractPlainSocketImpl.java:350)
	at java.net.AbstractPlainSocketImpl.connectToAddress(AbstractPlainSocketImpl.java:206)
	at java.net.AbstractPlainSocketImpl.connect(AbstractPlainSocketImpl.java:188)
	at java.net.PlainSocketImpl.connect(PlainSocketImpl.java:172)
	at java.net.SocksSocketImpl.connect(SocksSocketImpl.java:392)
	at java.net.Socket.connect(Socket.java:589)
	at org.apache.http.conn.socket.PlainConnectionSocketFactory.connectSocket(PlainConnectionSocketFactory.java:74)
	at org.apache.http.impl.conn.DefaultHttpClientConnectionOperator.connect(DefaultHttpClientConnectionOperator.java:134)
	... 49 more
</failure>
    <system-out>Configuring TestNG with: org.apache.maven.surefire.testng.conf.TestNG652Configurator@3b192d32
</system-out>
  </testcase>
  <testcase classname="com.example.tests.TestsForMainPage" name="blockPartners" time="0">
    <skipped/>
  </testcase>
  <testcase classname="com.example.tests.TestsForMainPage" name="checkCkickOnLogo" time="0">
    <skipped/>
  </testcase>
  <testcase classname="com.example.tests.TestsForMainPage" name="checkClickAndTitleOnLastAdverts" time="0">
    <skipped/>
  </testcase>
  <testcase classname="com.example.tests.TestsForMainPage" name="checkClickAndTitlesInBlockCatalogOnMainPage" time="0">
    <skipped/>
  </testcase>
  <testcase classname="com.example.tests.TestsForMainPage" name="checkClickAndTitlesInBlockTestDrivesOnMainPage" time="0">
    <skipped/>
  </testcase>
  <testcase classname="com.example.tests.TestsForMainPage" name="checkTitleAndCklickOnServices" time="0">
    <skipped/>
  </testcase>
  <testcase classname="com.example.tests.TestsForMainPage" name="checkTitleAndClickOnArticles" time="0">
    <skipped/>
  </testcase>
  <testcase classname="com.example.tests.TestsForMainPage" name="checkTitleOnMainPage" time="0">
    <skipped/>
  </testcase>
  <testcase classname="com.example.tests.TestsForMainPage" name="checkTitlesAndGoToAllCityesPage" time="0">
    <skipped/>
  </testcase>
  <testcase classname="com.example.tests.TestsForMainPage" name="checkTitlesTopCategory" time="0">
    <skipped/>
  </testcase>
  <testcase classname="com.example.tests.TestsForMainPage" name="checkTitlesTopCategoryMoscow" time="0">
    <skipped/>
  </testcase>
  <testcase classname="com.example.tests.TestsForMainPage" name="checkTopCategoryInFooter" time="0">
    <skipped/>
  </testcase>
  <testcase classname="com.example.tests.TestsForMainPage" name="checkUpFines" time="0">
    <skipped/>
  </testcase>
  <testcase classname="com.example.tests.TestsForMainPage" name="choiceDifferentGrafics" time="0">
    <skipped/>
  </testcase>
  <testcase classname="com.example.tests.TestsForMainPage" name="chooseLocationInHeder" time="0">
    <skipped/>
  </testcase>
  <testcase classname="com.example.tests.TestsForMainPage" name="ckickOnButtonAddAdvert" time="0">
    <skipped/>
  </testcase>
  <testcase classname="com.example.tests.TestsForMainPage" name="clickOnTextLogo" time="0">
    <skipped/>
  </testcase>
  <testcase classname="com.example.tests.TestsForMainPage" name="goToMarkPageAndToAllBrandsPage" time="0.006">
    <skipped/>
  </testcase>
  <testcase classname="com.example.tests.TestsForMainPage" name="presenceElementsOnMainPage" time="0">
    <skipped/>
  </testcase>
  <testcase classname="com.example.tests.TestsForMainPage" name="presenceElementsOnMainPageMoskov" time="0.001">
    <skipped/>
  </testcase>
  <testcase classname="com.example.tests.TestsForMainPage" name="presenceIconsOfSocialNetworks" time="0">
    <skipped/>
  </testcase>
  <testcase classname="com.example.tests.TestsForMainPage" name="presenceSeoTextInFooter" time="0">
    <skipped/>
  </testcase>
  <testcase classname="com.example.tests.TestsForMainPage" name="searchFieldWithPressedTabsCatalog" time="0">
    <skipped/>
  </testcase>
  <testcase classname="com.example.tests.TestsForMainPage" name="testSearchFieldWithPressedTabs" time="0">
    <skipped/>
  </testcase>
  <testcase classname="com.example.tests.TestsForMainPage" name="testSearchFilterWithWalue" time="0">
    <skipped/>
  </testcase>
  <testcase classname="com.example.tests.TestsForMainPage" name="testWithEmptySearchFilter" time="0">
    <skipped/>
  </testcase>
  <testcase classname="com.example.tests.TestsForMainPage" name="dropDownMenuHeaderFifthdPart" time="0">
    <skipped/>
  </testcase>
  <testcase classname="com.example.tests.TestsForMainPage" name="dropDownMenuHeaderFirstPart" time="0">
    <skipped/>
  </testcase>
  <testcase classname="com.example.tests.TestsForMainPage" name="dropDownMenuHeaderForthdPart" time="0">
    <skipped/>
  </testcase>
  <testcase classname="com.example.tests.TestsForMainPage" name="dropDownMenuHeaderSecondPart" time="0">
    <skipped/>
  </testcase>
  <testcase classname="com.example.tests.TestsForMainPage" name="dropDownMenuHeaderSixdPart" time="0">
    <skipped/>
  </testcase>
  <testcase classname="com.example.tests.TestsForMainPage" name="dropDownMenuHeaderThirdPart" time="0">
    <skipped/>
  </testcase>
  <testcase classname="com.example.tests.TestsForMainPage" name="tearDown" time="0.004">
    <skipped/>
  </testcase>
</testsuite>