<?xml version="1.0" encoding="UTF-8"?>
<testsuite xmlns:xsi="http://www.w3.org/2001/XMLSchema-instance" xsi:schemaLocation="https://maven.apache.org/surefire/maven-surefire-plugin/xsd/surefire-test-report.xsd" name="TestSuite" time="1,538.531" tests="71" errors="0" skipped="0" failures="2">
  <properties>
    <property name="java.runtime.name" value="Java(TM) SE Runtime Environment"/>
    <property name="sun.boot.library.path" value="C:\Program Files\Java\jdk1.8.0_77\jre\bin"/>
    <property name="java.vm.version" value="25.77-b03"/>
    <property name="user.country.format" value="UA"/>
    <property name="java.vm.vendor" value="Oracle Corporation"/>
    <property name="maven.multiModuleProjectDirectory" value="C:\avtomation-tests"/>
    <property name="java.vendor.url" value="http://java.oracle.com/"/>
    <property name="path.separator" value=";"/>
    <property name="guice.disable.misplaced.annotation.check" value="true"/>
    <property name="java.vm.name" value="Java HotSpot(TM) 64-Bit Server VM"/>
    <property name="file.encoding.pkg" value="sun.io"/>
    <property name="user.script" value=""/>
    <property name="user.country" value="RU"/>
    <property name="sun.java.launcher" value="SUN_STANDARD"/>
    <property name="sun.os.patch.level" value="Service Pack 1"/>
    <property name="java.vm.specification.name" value="Java Virtual Machine Specification"/>
    <property name="user.dir" value="C:\avtomation-tests"/>
    <property name="java.runtime.version" value="1.8.0_77-b03"/>
    <property name="java.awt.graphicsenv" value="sun.awt.Win32GraphicsEnvironment"/>
    <property name="java.endorsed.dirs" value="C:\Program Files\Java\jdk1.8.0_77\jre\lib\endorsed"/>
    <property name="os.arch" value="amd64"/>
    <property name="java.io.tmpdir" value="C:\Users\GOROZH~1\AppData\Local\Temp\"/>
    <property name="line.separator" value="&#10;"/>
    <property name="java.vm.specification.vendor" value="Oracle Corporation"/>
    <property name="user.variant" value=""/>
    <property name="os.name" value="Windows 7"/>
    <property name="classworlds.conf" value="C:\Maven\apache-maven-3.3.9\bin\..\bin\m2.conf"/>
    <property name="sun.jnu.encoding" value="Cp1251"/>
    <property name="java.library.path" value="C:\Program Files\Java\jdk1.8.0_77\bin;C:\Windows\Sun\Java\bin;C:\Windows\system32;C:\Windows;C:\ProgramData\Oracle\Java\javapath;C:\Windows\system32;C:\Windows;C:\Windows\System32\Wbem;C:\Windows\System32\WindowsPowerShell\v1.0\;C:\Program Files\Java\jdk1.8.0_77\bin;C:\Program Files\Git\cmd;C:\Maven\apache-maven-3.3.9\bin;C:\Program Files (x86)\Skype\Phone\;;."/>
    <property name="java.specification.name" value="Java Platform API Specification"/>
    <property name="java.class.version" value="52.0"/>
    <property name="sun.management.compiler" value="HotSpot 64-Bit Tiered Compilers"/>
    <property name="os.version" value="6.1"/>
    <property name="user.home" value="C:\Users\gorozheyevd"/>
    <property name="user.timezone" value="Europe/Helsinki"/>
    <property name="java.awt.printerjob" value="sun.awt.windows.WPrinterJob"/>
    <property name="java.specification.version" value="1.8"/>
    <property name="file.encoding" value="Cp1251"/>
    <property name="user.name" value="gorozheyevd"/>
    <property name="java.class.path" value="C:\Maven\apache-maven-3.3.9\bin\..\boot\plexus-classworlds-2.5.2.jar"/>
    <property name="java.vm.specification.version" value="1.8"/>
    <property name="sun.arch.data.model" value="64"/>
    <property name="java.home" value="C:\Program Files\Java\jdk1.8.0_77\jre"/>
    <property name="sun.java.command" value="org.codehaus.plexus.classworlds.launcher.Launcher clean test site -Djetty.port=8888 jetty:run"/>
    <property name="java.specification.vendor" value="Oracle Corporation"/>
    <property name="user.language" value="ru"/>
    <property name="user.language.format" value="uk"/>
    <property name="awt.toolkit" value="sun.awt.windows.WToolkit"/>
    <property name="java.vm.info" value="mixed mode"/>
    <property name="java.version" value="1.8.0_77"/>
    <property name="java.ext.dirs" value="C:\Program Files\Java\jdk1.8.0_77\jre\lib\ext;C:\Windows\Sun\Java\lib\ext"/>
    <property name="sun.boot.class.path" value="C:\Program Files\Java\jdk1.8.0_77\jre\lib\resources.jar;C:\Program Files\Java\jdk1.8.0_77\jre\lib\rt.jar;C:\Program Files\Java\jdk1.8.0_77\jre\lib\sunrsasign.jar;C:\Program Files\Java\jdk1.8.0_77\jre\lib\jsse.jar;C:\Program Files\Java\jdk1.8.0_77\jre\lib\jce.jar;C:\Program Files\Java\jdk1.8.0_77\jre\lib\charsets.jar;C:\Program Files\Java\jdk1.8.0_77\jre\lib\jfr.jar;C:\Program Files\Java\jdk1.8.0_77\jre\classes"/>
    <property name="sun.stderr.encoding" value="cp866"/>
    <property name="java.vendor" value="Oracle Corporation"/>
    <property name="maven.home" value="C:\Maven\apache-maven-3.3.9\bin\.."/>
    <property name="file.separator" value="\"/>
    <property name="java.vendor.url.bug" value="http://bugreport.sun.com/bugreport/"/>
    <property name="sun.cpu.endian" value="little"/>
    <property name="sun.io.unicode.encoding" value="UnicodeLittle"/>
    <property name="sun.stdout.encoding" value="cp866"/>
    <property name="sun.desktop" value="windows"/>
    <property name="jetty.port" value="8888"/>
    <property name="sun.cpu.isalist" value="amd64"/>
  </properties>
  <testcase name="blockPartners" classname="com.example.tests.TestsForMainPage" time="34.563"/>
  <testcase name="checkTypeOfCurrency" classname="com.example.tests.SearchFilterTests" time="6.612"/>
  <testcase name="checkCkickOnLogo" classname="com.example.tests.TestsForMainPage" time="24.219"/>
  <testcase name="checkboxHasPhoto" classname="com.example.tests.SearchFilterTests" time="3.493"/>
  <testcase name="checkClickAndTitleOnLastAdverts" classname="com.example.tests.TestsForMainPage" time="16.803"/>
  <testcase name="checkClickAndTitlesInBlockCatalogOnMainPage" classname="com.example.tests.TestsForMainPage" time="50.634"/>
  <testcase name="choiceMarkAndModel" classname="com.example.tests.SearchFilterTests" time="1.95"/>
  <testcase name="choiceModelWithoutMark" classname="com.example.tests.SearchFilterTests" time="49.178"/>
  <testcase name="checkClickAndTitlesInBlockTestDrivesOnMainPage" classname="com.example.tests.TestsForMainPage" time="5.199"/>
  <testcase name="dropDownMenuHeaderFifthdPart" classname="com.example.tests.ClickOnAllLinksInMainMenuHeader" time="15.953"/>
  <testcase name="countInTooltipAndInH1" classname="com.example.tests.SearchFilterTests" time="22.706"/>
  <testcase name="mileageFrom" classname="com.example.tests.SearchFilterTests" time="36.84"/>
  <testcase name="mileageFromTo" classname="com.example.tests.SearchFilterTests" time="56.813"/>
  <testcase name="checkTitleAndCklickOnServices" classname="com.example.tests.TestsForMainPage" time="41.374"/>
  <testcase name="checkTitleAndClickOnArticles" classname="com.example.tests.TestsForMainPage" time="27.063"/>
  <testcase name="checkTitleOnMainPage" classname="com.example.tests.TestsForMainPage" time="6.371">
    <failure message="Пропали тайтлы у марок на главной странице" type="java.lang.AssertionError">java.lang.AssertionError: Пропали тайтлы у марок на главной странице
	at com.example.tests.TestsForMainPage.checkTitleOnMainPage(TestsForMainPage.java:85)
</failure>
  </testcase>
  <testcase name="checkTitlesAndGoToAllCityesPage" classname="com.example.tests.TestsForMainPage" time="13.974"/>
  <testcase name="dropDownMenuHeaderFirstPart" classname="com.example.tests.ClickOnAllLinksInMainMenuHeader" time="5.184"/>
  <testcase name="openAdditionalFilters" classname="com.example.tests.SearchFilterTests" time="2.259"/>
  <testcase name="checkTitlesTopCategory" classname="com.example.tests.TestsForMainPage" time="21.137"/>
  <testcase name="checkTitlesTopCategoryMoscow" classname="com.example.tests.TestsForMainPage" time="42.908"/>
  <testcase name="paginationTest" classname="com.example.tests.SearchFilterTests" time="15.753"/>
  <testcase name="priceFrom" classname="com.example.tests.SearchFilterTests" time="28.432"/>
  <testcase name="priceFromTo" classname="com.example.tests.SearchFilterTests" time="30.667"/>
  <testcase name="priceTo" classname="com.example.tests.SearchFilterTests" time="28.348"/>
  <testcase name="yearFrom" classname="com.example.tests.SearchFilterTests" time="27.247"/>
  <testcase name="yearFromYearTo" classname="com.example.tests.SearchFilterTests" time="27.602"/>
  <testcase name="checkTopCategoryInFooter" classname="com.example.tests.TestsForMainPage" time="17.616"/>
  <testcase name="yearTo" classname="com.example.tests.SearchFilterTests" time="8.066"/>
  <testcase name="dropDownMenuHeaderForthdPart" classname="com.example.tests.ClickOnAllLinksInMainMenuHeader" time="8.854"/>
  <testcase name="checkUpFines" classname="com.example.tests.TestsForMainPage" time="15.295"/>
  <testcase name="choiceDifferentGrafics" classname="com.example.tests.TestsForMainPage" time="3.365"/>
  <testcase name="breadCrumbs" classname="com.example.tests.SearchPage" time="15.333"/>
  <testcase name="chooseLocationInHeder" classname="com.example.tests.TestsForMainPage" time="4.161"/>
  <testcase name="ckickOnButtonAddAdvert" classname="com.example.tests.TestsForMainPage" time="12.978"/>
  <testcase name="breadCrumbsWithMark" classname="com.example.tests.SearchPage" time="12.331"/>
  <testcase name="clickOnTextLogo" classname="com.example.tests.TestsForMainPage" time="12.059"/>
  <testcase name="breadCrumbsWithMarkAndModel" classname="com.example.tests.SearchPage" time="14.04"/>
  <testcase name="clickOnSubscriptionButton" classname="com.example.tests.SearchPage" time="12.098"/>
  <testcase name="countAdvertsOnSearchPage" classname="com.example.tests.SearchPage" time="12.104"/>
  <testcase name="goToMarkPageAndToAllBrandsPage" classname="com.example.tests.TestsForMainPage" time="1.913">
    <failure message="Не отображаются тайтлы марок на странице Всех марок" type="java.lang.AssertionError">java.lang.AssertionError: Не отображаются тайтлы марок на странице Всех марок
	at com.example.tests.TestsForMainPage.goToMarkPageAndToAllBrandsPage(TestsForMainPage.java:101)
</failure>
  </testcase>
  <testcase name="presenceElementsOnMainPage" classname="com.example.tests.TestsForMainPage" time="6.65"/>
  <testcase name="presenceElementsOnMainPageMoskov" classname="com.example.tests.TestsForMainPage" time="20.022"/>
  <testcase name="customLinksUnderTabs" classname="com.example.tests.SearchPage" time="21.497"/>
  <testcase name="presenceTabsAndClickThem" classname="com.example.tests.SearchPage" time="13.03"/>
  <testcase name="presenceIconsOfSocialNetworks" classname="com.example.tests.TestsForMainPage" time="7.506"/>
  <testcase name="presenceSeoTextInFooter" classname="com.example.tests.TestsForMainPage" time="5.964"/>
  <testcase name="searchFieldWithPressedTabsCatalog" classname="com.example.tests.TestsForMainPage" time="14.39"/>
  <testcase name="dropDownMenuHeaderSecondPart" classname="com.example.tests.ClickOnAllLinksInMainMenuHeader" time="7.963"/>
  <testcase name="testSearchFieldWithPressedTabs" classname="com.example.tests.TestsForMainPage" time="45.348"/>
  <testcase name="testSearchFilterWithWalue" classname="com.example.tests.TestsForMainPage" time="18.241"/>
  <testcase name="sortingBy" classname="com.example.tests.SearchPage" time="8.057"/>
  <testcase name="testWithEmptySearchFilter" classname="com.example.tests.TestsForMainPage" time="19.485"/>
  <testcase name="adpageSeo" classname="com.example.tests.SeoRequirementsTests" time="3.643"/>
  <testcase name="markPageSeo" classname="com.example.tests.SeoRequirementsTests" time="10.331"/>
  <testcase name="checkCountAdverts" classname="com.example.tests.CurrentTests" time="5.429"/>
  <testcase name="markPlusAuxiliaryFiltersPageSeo" classname="com.example.tests.SeoRequirementsTests" time="5.268"/>
  <testcase name="markPlusModePlusAuxiliaryFilterslPageSeo" classname="com.example.tests.SeoRequirementsTests" time="11.186"/>
  <testcase name="markPlusModelPageSeo" classname="com.example.tests.SeoRequirementsTests" time="11.911"/>
  <testcase name="nofollowOnMainPage" classname="com.example.tests.SeoRequirementsTests" time="18.133"/>
  <testcase name="initPopapOnFirstAndSecondSearchPages" classname="com.example.tests.CurrentTests" time="11.818"/>
  <testcase name="openStoOnMainPage" classname="com.example.tests.CurrentTests" time="14.904"/>
  <testcase name="dropDownMenuHeaderSixdPart" classname="com.example.tests.ClickOnAllLinksInMainMenuHeader" time="19.878"/>
  <testcase name="dropDownMenuHeaderThirdPart" classname="com.example.tests.ClickOnAllLinksInMainMenuHeader" time="192.592"/>
  <testcase name="outclicksOnAdvert" classname="com.example.tests.SeoRequirementsTests" time="210.592"/>
  <testcase name="seoForCastomLinksInTabs" classname="com.example.tests.SeoRequirementsTests" time="126.012"/>
  <testcase name="seoMetaOnCustomLinkPages" classname="com.example.tests.SeoRequirementsTests" time="23.809"/>
  <testcase name="seoMetaOnMainPage" classname="com.example.tests.SeoRequirementsTests" time="33.073"/>
  <testcase name="seoOnLocationSearchPageCar" classname="com.example.tests.SeoRequirementsTests" time="7.984"/>
  <testcase name="seoOnMainSearchPageCar" classname="com.example.tests.SeoRequirementsTests" time="8.312"/>
  <testcase name="seoOnSearchPageOtherCategories" classname="com.example.tests.SeoRequirementsTests" time="7.559"/>
</testsuite>